<?xml version="1.0" encoding="UTF-8"?>
<!-- Generated by org.testng.reporters.JUnitReportReporter -->
<testsuite skipped="0" hostname="Rajdiv" name="testNG.TestMethodClass1" tests="4" failures="0" timestamp="2021-07-30T13:27:18 CDT" time="0.026" errors="0">
  <testcase name="testMethod1" time="0.003" classname="testNG.TestMethodClass1"/>
  <system-out/>
  <testcase name="testMethod" time="0.009" classname="testNG.TestMethodClass1"/>
  <system-out/>
  <testcase name="testMethod3" time="0.003" classname="testNG.TestMethodClass1"/>
  <system-out/>
  <testcase name="testMethod2" time="0.011" classname="testNG.TestMethodClass1"/>
  <system-out/>
</testsuite> <!-- testNG.TestMethodClass1 -->
