<?xml version="1.0" encoding="UTF-8"?>
<!-- Generated by org.testng.reporters.JUnitReportReporter -->
<testsuite skipped="0" hostname="Rajdiv" name="testNG.BeforeAfterMethodPgm" tests="1" failures="0" timestamp="2021-07-30T13:23:47 CDT" time="0.026" errors="0">
  <testcase name="testMethod" time="0.026" classname="testNG.BeforeAfterMethodPgm"/>
  <system-out/>
</testsuite> <!-- testNG.BeforeAfterMethodPgm -->
